<?xml version="1.0" encoding="UTF-8"?>
<testsuite xmlns:xsi="http://www.w3.org/2001/XMLSchema-instance" xsi:noNamespaceSchemaLocation="https://maven.apache.org/surefire/maven-surefire-plugin/xsd/surefire-test-report-3.0.xsd" version="3.0" name="conduitApp.conduitTest" time="9.728" tests="1" errors="0" skipped="0" failures="0">
  <properties>
    <property name="java.specification.version" value="17"/>
    <property name="sun.cpu.isalist" value="amd64"/>
    <property name="sun.jnu.encoding" value="Cp1252"/>
    <property name="java.class.path" value="D:\DEVOPS_AND_CLOUD\Karate_Test\myproject\target\test-classes;D:\DEVOPS_AND_CLOUD\Karate_Test\myproject\target\classes;D:\path\to\local\repo\com\intuit\karate\karate-junit5\1.4.1\karate-junit5-1.4.1.jar;D:\path\to\local\repo\com\intuit\karate\karate-core\1.4.1\karate-core-1.4.1.jar;D:\path\to\local\repo\org\graalvm\js\js-scriptengine\22.3.3\js-scriptengine-22.3.3.jar;D:\path\to\local\repo\org\graalvm\sdk\graal-sdk\22.3.3\graal-sdk-22.3.3.jar;D:\path\to\local\repo\org\graalvm\js\js\22.3.3\js-22.3.3.jar;D:\path\to\local\repo\org\graalvm\regex\regex\22.3.3\regex-22.3.3.jar;D:\path\to\local\repo\org\graalvm\truffle\truffle-api\22.3.3\truffle-api-22.3.3.jar;D:\path\to\local\repo\com\ibm\icu\icu4j\71.1\icu4j-71.1.jar;D:\path\to\local\repo\org\thymeleaf\thymeleaf\3.1.2.RELEASE\thymeleaf-3.1.2.RELEASE.jar;D:\path\to\local\repo\ognl\ognl\3.3.4\ognl-3.3.4.jar;D:\path\to\local\repo\org\javassist\javassist\3.29.0-GA\javassist-3.29.0-GA.jar;D:\path\to\local\repo\org\attoparser\attoparser\2.0.7.RELEASE\attoparser-2.0.7.RELEASE.jar;D:\path\to\local\repo\org\unbescape\unbescape\1.1.6.RELEASE\unbescape-1.1.6.RELEASE.jar;D:\path\to\local\repo\org\slf4j\slf4j-api\2.0.7\slf4j-api-2.0.7.jar;D:\path\to\local\repo\com\linecorp\armeria\armeria\1.25.2\armeria-1.25.2.jar;D:\path\to\local\repo\com\fasterxml\jackson\core\jackson-core\2.15.2\jackson-core-2.15.2.jar;D:\path\to\local\repo\com\fasterxml\jackson\core\jackson-annotations\2.15.2\jackson-annotations-2.15.2.jar;D:\path\to\local\repo\com\fasterxml\jackson\core\jackson-databind\2.15.2\jackson-databind-2.15.2.jar;D:\path\to\local\repo\com\fasterxml\jackson\datatype\jackson-datatype-jdk8\2.15.2\jackson-datatype-jdk8-2.15.2.jar;D:\path\to\local\repo\com\fasterxml\jackson\datatype\jackson-datatype-jsr310\2.15.2\jackson-datatype-jsr310-2.15.2.jar;D:\path\to\local\repo\io\micrometer\micrometer-core\1.11.3\micrometer-core-1.11.3.jar;D:\path\to\local\repo\io\micrometer\micrometer-commons\1.11.3\micrometer-commons-1.11.3.jar;D:\path\to\local\repo\io\micrometer\micrometer-observation\1.11.3\micrometer-observation-1.11.3.jar;D:\path\to\local\repo\org\hdrhistogram\HdrHistogram\2.1.12\HdrHistogram-2.1.12.jar;D:\path\to\local\repo\org\latencyutils\LatencyUtils\2.0.3\LatencyUtils-2.0.3.jar;D:\path\to\local\repo\io\netty\netty-transport\4.1.96.Final\netty-transport-4.1.96.Final.jar;D:\path\to\local\repo\io\netty\netty-common\4.1.96.Final\netty-common-4.1.96.Final.jar;D:\path\to\local\repo\io\netty\netty-buffer\4.1.96.Final\netty-buffer-4.1.96.Final.jar;D:\path\to\local\repo\io\netty\netty-resolver\4.1.96.Final\netty-resolver-4.1.96.Final.jar;D:\path\to\local\repo\io\netty\netty-codec-haproxy\4.1.96.Final\netty-codec-haproxy-4.1.96.Final.jar;D:\path\to\local\repo\io\netty\netty-codec\4.1.96.Final\netty-codec-4.1.96.Final.jar;D:\path\to\local\repo\io\netty\netty-codec-http2\4.1.96.Final\netty-codec-http2-4.1.96.Final.jar;D:\path\to\local\repo\io\netty\netty-handler\4.1.96.Final\netty-handler-4.1.96.Final.jar;D:\path\to\local\repo\io\netty\netty-codec-http\4.1.96.Final\netty-codec-http-4.1.96.Final.jar;D:\path\to\local\repo\io\netty\netty-resolver-dns\4.1.96.Final\netty-resolver-dns-4.1.96.Final.jar;D:\path\to\local\repo\io\netty\netty-codec-dns\4.1.96.Final\netty-codec-dns-4.1.96.Final.jar;D:\path\to\local\repo\org\reactivestreams\reactive-streams\1.0.4\reactive-streams-1.0.4.jar;D:\path\to\local\repo\com\google\code\findbugs\jsr305\3.0.2\jsr305-3.0.2.jar;D:\path\to\local\repo\io\netty\netty-handler-proxy\4.1.96.Final\netty-handler-proxy-4.1.96.Final.jar;D:\path\to\local\repo\io\netty\netty-codec-socks\4.1.96.Final\netty-codec-socks-4.1.96.Final.jar;D:\path\to\local\repo\io\netty\netty-transport-native-unix-common\4.1.96.Final\netty-transport-native-unix-common-4.1.96.Final-linux-x86_64.jar;D:\path\to\local\repo\io\netty\netty-transport-native-epoll\4.1.96.Final\netty-transport-native-epoll-4.1.96.Final-linux-x86_64.jar;D:\path\to\local\repo\io\netty\netty-transport-native-unix-common\4.1.96.Final\netty-transport-native-unix-common-4.1.96.Final.jar;D:\path\to\local\repo\io\netty\netty-transport-classes-epoll\4.1.96.Final\netty-transport-classes-epoll-4.1.96.Final.jar;D:\path\to\local\repo\io\netty\netty-transport-native-unix-common\4.1.96.Final\netty-transport-native-unix-common-4.1.96.Final-linux-aarch_64.jar;D:\path\to\local\repo\io\netty\netty-transport-native-epoll\4.1.96.Final\netty-transport-native-epoll-4.1.96.Final-linux-aarch_64.jar;D:\path\to\local\repo\io\netty\netty-transport-native-unix-common\4.1.96.Final\netty-transport-native-unix-common-4.1.96.Final-osx-x86_64.jar;D:\path\to\local\repo\io\netty\netty-transport-native-kqueue\4.1.96.Final\netty-transport-native-kqueue-4.1.96.Final-osx-x86_64.jar;D:\path\to\local\repo\io\netty\netty-transport-classes-kqueue\4.1.96.Final\netty-transport-classes-kqueue-4.1.96.Final.jar;D:\path\to\local\repo\io\netty\netty-resolver-dns-native-macos\4.1.96.Final\netty-resolver-dns-native-macos-4.1.96.Final-osx-x86_64.jar;D:\path\to\local\repo\io\netty\netty-resolver-dns-classes-macos\4.1.96.Final\netty-resolver-dns-classes-macos-4.1.96.Final.jar;D:\path\to\local\repo\io\netty\netty-transport-native-unix-common\4.1.96.Final\netty-transport-native-unix-common-4.1.96.Final-osx-aarch_64.jar;D:\path\to\local\repo\io\netty\netty-transport-native-kqueue\4.1.96.Final\netty-transport-native-kqueue-4.1.96.Final-osx-aarch_64.jar;D:\path\to\local\repo\io\netty\netty-resolver-dns-native-macos\4.1.96.Final\netty-resolver-dns-native-macos-4.1.96.Final-osx-aarch_64.jar;D:\path\to\local\repo\io\netty\netty-tcnative-boringssl-static\2.0.61.Final\netty-tcnative-boringssl-static-2.0.61.Final-linux-x86_64.jar;D:\path\to\local\repo\io\netty\netty-tcnative-classes\2.0.61.Final\netty-tcnative-classes-2.0.61.Final.jar;D:\path\to\local\repo\io\netty\netty-tcnative-boringssl-static\2.0.61.Final\netty-tcnative-boringssl-static-2.0.61.Final-linux-aarch_64.jar;D:\path\to\local\repo\io\netty\netty-tcnative-boringssl-static\2.0.61.Final\netty-tcnative-boringssl-static-2.0.61.Final-osx-x86_64.jar;D:\path\to\local\repo\io\netty\netty-tcnative-boringssl-static\2.0.61.Final\netty-tcnative-boringssl-static-2.0.61.Final-osx-aarch_64.jar;D:\path\to\local\repo\io\netty\netty-tcnative-boringssl-static\2.0.61.Final\netty-tcnative-boringssl-static-2.0.61.Final-windows-x86_64.jar;D:\path\to\local\repo\com\aayushatharva\brotli4j\brotli4j\1.12.0\brotli4j-1.12.0.jar;D:\path\to\local\repo\com\aayushatharva\brotli4j\service\1.12.0\service-1.12.0.jar;D:\path\to\local\repo\com\aayushatharva\brotli4j\native-windows-x86_64\1.12.0\native-windows-x86_64-1.12.0.jar;D:\path\to\local\repo\org\apache\httpcomponents\httpclient\4.5.14\httpclient-4.5.14.jar;D:\path\to\local\repo\org\apache\httpcomponents\httpcore\4.4.16\httpcore-4.4.16.jar;D:\path\to\local\repo\commons-codec\commons-codec\1.16.0\commons-codec-1.16.0.jar;D:\path\to\local\repo\ch\qos\logback\logback-classic\1.4.11\logback-classic-1.4.11.jar;D:\path\to\local\repo\ch\qos\logback\logback-core\1.4.11\logback-core-1.4.11.jar;D:\path\to\local\repo\org\slf4j\jcl-over-slf4j\2.0.9\jcl-over-slf4j-2.0.9.jar;D:\path\to\local\repo\org\antlr\antlr4-runtime\4.11.1\antlr4-runtime-4.11.1.jar;D:\path\to\local\repo\com\jayway\jsonpath\json-path\2.8.0\json-path-2.8.0.jar;D:\path\to\local\repo\net\minidev\json-smart\2.4.10\json-smart-2.4.10.jar;D:\path\to\local\repo\net\minidev\accessors-smart\2.4.9\accessors-smart-2.4.9.jar;D:\path\to\local\repo\org\ow2\asm\asm\9.3\asm-9.3.jar;D:\path\to\local\repo\org\yaml\snakeyaml\2.0\snakeyaml-2.0.jar;D:\path\to\local\repo\de\siegmar\fastcsv\2.2.1\fastcsv-2.2.1.jar;D:\path\to\local\repo\info\picocli\picocli\4.7.1\picocli-4.7.1.jar;D:\path\to\local\repo\io\github\classgraph\classgraph\4.8.160\classgraph-4.8.160.jar;D:\path\to\local\repo\io\github\t12y\resemble\1.0.2\resemble-1.0.2.jar;D:\path\to\local\repo\io\github\t12y\ssim\1.0.0\ssim-1.0.0.jar;D:\path\to\local\repo\org\junit\jupiter\junit-jupiter-api\5.9.3\junit-jupiter-api-5.9.3.jar;D:\path\to\local\repo\org\opentest4j\opentest4j\1.2.0\opentest4j-1.2.0.jar;D:\path\to\local\repo\org\junit\platform\junit-platform-commons\1.9.3\junit-platform-commons-1.9.3.jar;D:\path\to\local\repo\org\apiguardian\apiguardian-api\1.1.2\apiguardian-api-1.1.2.jar;D:\path\to\local\repo\org\junit\jupiter\junit-jupiter-engine\5.9.3\junit-jupiter-engine-5.9.3.jar;D:\path\to\local\repo\org\junit\platform\junit-platform-engine\1.9.3\junit-platform-engine-1.9.3.jar;"/>
    <property name="java.vm.vendor" value="Oracle Corporation"/>
    <property name="sun.arch.data.model" value="64"/>
    <property name="user.variant" value=""/>
    <property name="java.vendor.url" value="https://java.oracle.com/"/>
    <property name="user.timezone" value="Asia/Calcutta"/>
    <property name="os.name" value="Windows 11"/>
    <property name="java.vm.specification.version" value="17"/>
    <property name="sun.java.launcher" value="SUN_STANDARD"/>
    <property name="user.country" value="US"/>
    <property name="sun.boot.library.path" value="D:\java\jdk-17.0.8\bin"/>
    <property name="sun.java.command" value="C:\Users\lenovo\AppData\Local\Temp\surefire9069187289531033732\surefirebooter-20240220183953422_3.jar C:\Users\lenovo\AppData\Local\Temp\surefire9069187289531033732 2024-02-20T18-39-53_154-jvmRun1 surefire-20240220183953422_1tmp surefire_0-20240220183953422_2tmp"/>
    <property name="jdk.debug" value="release"/>
    <property name="surefire.test.class.path" value="D:\DEVOPS_AND_CLOUD\Karate_Test\myproject\target\test-classes;D:\DEVOPS_AND_CLOUD\Karate_Test\myproject\target\classes;D:\path\to\local\repo\com\intuit\karate\karate-junit5\1.4.1\karate-junit5-1.4.1.jar;D:\path\to\local\repo\com\intuit\karate\karate-core\1.4.1\karate-core-1.4.1.jar;D:\path\to\local\repo\org\graalvm\js\js-scriptengine\22.3.3\js-scriptengine-22.3.3.jar;D:\path\to\local\repo\org\graalvm\sdk\graal-sdk\22.3.3\graal-sdk-22.3.3.jar;D:\path\to\local\repo\org\graalvm\js\js\22.3.3\js-22.3.3.jar;D:\path\to\local\repo\org\graalvm\regex\regex\22.3.3\regex-22.3.3.jar;D:\path\to\local\repo\org\graalvm\truffle\truffle-api\22.3.3\truffle-api-22.3.3.jar;D:\path\to\local\repo\com\ibm\icu\icu4j\71.1\icu4j-71.1.jar;D:\path\to\local\repo\org\thymeleaf\thymeleaf\3.1.2.RELEASE\thymeleaf-3.1.2.RELEASE.jar;D:\path\to\local\repo\ognl\ognl\3.3.4\ognl-3.3.4.jar;D:\path\to\local\repo\org\javassist\javassist\3.29.0-GA\javassist-3.29.0-GA.jar;D:\path\to\local\repo\org\attoparser\attoparser\2.0.7.RELEASE\attoparser-2.0.7.RELEASE.jar;D:\path\to\local\repo\org\unbescape\unbescape\1.1.6.RELEASE\unbescape-1.1.6.RELEASE.jar;D:\path\to\local\repo\org\slf4j\slf4j-api\2.0.7\slf4j-api-2.0.7.jar;D:\path\to\local\repo\com\linecorp\armeria\armeria\1.25.2\armeria-1.25.2.jar;D:\path\to\local\repo\com\fasterxml\jackson\core\jackson-core\2.15.2\jackson-core-2.15.2.jar;D:\path\to\local\repo\com\fasterxml\jackson\core\jackson-annotations\2.15.2\jackson-annotations-2.15.2.jar;D:\path\to\local\repo\com\fasterxml\jackson\core\jackson-databind\2.15.2\jackson-databind-2.15.2.jar;D:\path\to\local\repo\com\fasterxml\jackson\datatype\jackson-datatype-jdk8\2.15.2\jackson-datatype-jdk8-2.15.2.jar;D:\path\to\local\repo\com\fasterxml\jackson\datatype\jackson-datatype-jsr310\2.15.2\jackson-datatype-jsr310-2.15.2.jar;D:\path\to\local\repo\io\micrometer\micrometer-core\1.11.3\micrometer-core-1.11.3.jar;D:\path\to\local\repo\io\micrometer\micrometer-commons\1.11.3\micrometer-commons-1.11.3.jar;D:\path\to\local\repo\io\micrometer\micrometer-observation\1.11.3\micrometer-observation-1.11.3.jar;D:\path\to\local\repo\org\hdrhistogram\HdrHistogram\2.1.12\HdrHistogram-2.1.12.jar;D:\path\to\local\repo\org\latencyutils\LatencyUtils\2.0.3\LatencyUtils-2.0.3.jar;D:\path\to\local\repo\io\netty\netty-transport\4.1.96.Final\netty-transport-4.1.96.Final.jar;D:\path\to\local\repo\io\netty\netty-common\4.1.96.Final\netty-common-4.1.96.Final.jar;D:\path\to\local\repo\io\netty\netty-buffer\4.1.96.Final\netty-buffer-4.1.96.Final.jar;D:\path\to\local\repo\io\netty\netty-resolver\4.1.96.Final\netty-resolver-4.1.96.Final.jar;D:\path\to\local\repo\io\netty\netty-codec-haproxy\4.1.96.Final\netty-codec-haproxy-4.1.96.Final.jar;D:\path\to\local\repo\io\netty\netty-codec\4.1.96.Final\netty-codec-4.1.96.Final.jar;D:\path\to\local\repo\io\netty\netty-codec-http2\4.1.96.Final\netty-codec-http2-4.1.96.Final.jar;D:\path\to\local\repo\io\netty\netty-handler\4.1.96.Final\netty-handler-4.1.96.Final.jar;D:\path\to\local\repo\io\netty\netty-codec-http\4.1.96.Final\netty-codec-http-4.1.96.Final.jar;D:\path\to\local\repo\io\netty\netty-resolver-dns\4.1.96.Final\netty-resolver-dns-4.1.96.Final.jar;D:\path\to\local\repo\io\netty\netty-codec-dns\4.1.96.Final\netty-codec-dns-4.1.96.Final.jar;D:\path\to\local\repo\org\reactivestreams\reactive-streams\1.0.4\reactive-streams-1.0.4.jar;D:\path\to\local\repo\com\google\code\findbugs\jsr305\3.0.2\jsr305-3.0.2.jar;D:\path\to\local\repo\io\netty\netty-handler-proxy\4.1.96.Final\netty-handler-proxy-4.1.96.Final.jar;D:\path\to\local\repo\io\netty\netty-codec-socks\4.1.96.Final\netty-codec-socks-4.1.96.Final.jar;D:\path\to\local\repo\io\netty\netty-transport-native-unix-common\4.1.96.Final\netty-transport-native-unix-common-4.1.96.Final-linux-x86_64.jar;D:\path\to\local\repo\io\netty\netty-transport-native-epoll\4.1.96.Final\netty-transport-native-epoll-4.1.96.Final-linux-x86_64.jar;D:\path\to\local\repo\io\netty\netty-transport-native-unix-common\4.1.96.Final\netty-transport-native-unix-common-4.1.96.Final.jar;D:\path\to\local\repo\io\netty\netty-transport-classes-epoll\4.1.96.Final\netty-transport-classes-epoll-4.1.96.Final.jar;D:\path\to\local\repo\io\netty\netty-transport-native-unix-common\4.1.96.Final\netty-transport-native-unix-common-4.1.96.Final-linux-aarch_64.jar;D:\path\to\local\repo\io\netty\netty-transport-native-epoll\4.1.96.Final\netty-transport-native-epoll-4.1.96.Final-linux-aarch_64.jar;D:\path\to\local\repo\io\netty\netty-transport-native-unix-common\4.1.96.Final\netty-transport-native-unix-common-4.1.96.Final-osx-x86_64.jar;D:\path\to\local\repo\io\netty\netty-transport-native-kqueue\4.1.96.Final\netty-transport-native-kqueue-4.1.96.Final-osx-x86_64.jar;D:\path\to\local\repo\io\netty\netty-transport-classes-kqueue\4.1.96.Final\netty-transport-classes-kqueue-4.1.96.Final.jar;D:\path\to\local\repo\io\netty\netty-resolver-dns-native-macos\4.1.96.Final\netty-resolver-dns-native-macos-4.1.96.Final-osx-x86_64.jar;D:\path\to\local\repo\io\netty\netty-resolver-dns-classes-macos\4.1.96.Final\netty-resolver-dns-classes-macos-4.1.96.Final.jar;D:\path\to\local\repo\io\netty\netty-transport-native-unix-common\4.1.96.Final\netty-transport-native-unix-common-4.1.96.Final-osx-aarch_64.jar;D:\path\to\local\repo\io\netty\netty-transport-native-kqueue\4.1.96.Final\netty-transport-native-kqueue-4.1.96.Final-osx-aarch_64.jar;D:\path\to\local\repo\io\netty\netty-resolver-dns-native-macos\4.1.96.Final\netty-resolver-dns-native-macos-4.1.96.Final-osx-aarch_64.jar;D:\path\to\local\repo\io\netty\netty-tcnative-boringssl-static\2.0.61.Final\netty-tcnative-boringssl-static-2.0.61.Final-linux-x86_64.jar;D:\path\to\local\repo\io\netty\netty-tcnative-classes\2.0.61.Final\netty-tcnative-classes-2.0.61.Final.jar;D:\path\to\local\repo\io\netty\netty-tcnative-boringssl-static\2.0.61.Final\netty-tcnative-boringssl-static-2.0.61.Final-linux-aarch_64.jar;D:\path\to\local\repo\io\netty\netty-tcnative-boringssl-static\2.0.61.Final\netty-tcnative-boringssl-static-2.0.61.Final-osx-x86_64.jar;D:\path\to\local\repo\io\netty\netty-tcnative-boringssl-static\2.0.61.Final\netty-tcnative-boringssl-static-2.0.61.Final-osx-aarch_64.jar;D:\path\to\local\repo\io\netty\netty-tcnative-boringssl-static\2.0.61.Final\netty-tcnative-boringssl-static-2.0.61.Final-windows-x86_64.jar;D:\path\to\local\repo\com\aayushatharva\brotli4j\brotli4j\1.12.0\brotli4j-1.12.0.jar;D:\path\to\local\repo\com\aayushatharva\brotli4j\service\1.12.0\service-1.12.0.jar;D:\path\to\local\repo\com\aayushatharva\brotli4j\native-windows-x86_64\1.12.0\native-windows-x86_64-1.12.0.jar;D:\path\to\local\repo\org\apache\httpcomponents\httpclient\4.5.14\httpclient-4.5.14.jar;D:\path\to\local\repo\org\apache\httpcomponents\httpcore\4.4.16\httpcore-4.4.16.jar;D:\path\to\local\repo\commons-codec\commons-codec\1.16.0\commons-codec-1.16.0.jar;D:\path\to\local\repo\ch\qos\logback\logback-classic\1.4.11\logback-classic-1.4.11.jar;D:\path\to\local\repo\ch\qos\logback\logback-core\1.4.11\logback-core-1.4.11.jar;D:\path\to\local\repo\org\slf4j\jcl-over-slf4j\2.0.9\jcl-over-slf4j-2.0.9.jar;D:\path\to\local\repo\org\antlr\antlr4-runtime\4.11.1\antlr4-runtime-4.11.1.jar;D:\path\to\local\repo\com\jayway\jsonpath\json-path\2.8.0\json-path-2.8.0.jar;D:\path\to\local\repo\net\minidev\json-smart\2.4.10\json-smart-2.4.10.jar;D:\path\to\local\repo\net\minidev\accessors-smart\2.4.9\accessors-smart-2.4.9.jar;D:\path\to\local\repo\org\ow2\asm\asm\9.3\asm-9.3.jar;D:\path\to\local\repo\org\yaml\snakeyaml\2.0\snakeyaml-2.0.jar;D:\path\to\local\repo\de\siegmar\fastcsv\2.2.1\fastcsv-2.2.1.jar;D:\path\to\local\repo\info\picocli\picocli\4.7.1\picocli-4.7.1.jar;D:\path\to\local\repo\io\github\classgraph\classgraph\4.8.160\classgraph-4.8.160.jar;D:\path\to\local\repo\io\github\t12y\resemble\1.0.2\resemble-1.0.2.jar;D:\path\to\local\repo\io\github\t12y\ssim\1.0.0\ssim-1.0.0.jar;D:\path\to\local\repo\org\junit\jupiter\junit-jupiter-api\5.9.3\junit-jupiter-api-5.9.3.jar;D:\path\to\local\repo\org\opentest4j\opentest4j\1.2.0\opentest4j-1.2.0.jar;D:\path\to\local\repo\org\junit\platform\junit-platform-commons\1.9.3\junit-platform-commons-1.9.3.jar;D:\path\to\local\repo\org\apiguardian\apiguardian-api\1.1.2\apiguardian-api-1.1.2.jar;D:\path\to\local\repo\org\junit\jupiter\junit-jupiter-engine\5.9.3\junit-jupiter-engine-5.9.3.jar;D:\path\to\local\repo\org\junit\platform\junit-platform-engine\1.9.3\junit-platform-engine-1.9.3.jar;"/>
    <property name="sun.cpu.endian" value="little"/>
    <property name="user.home" value="C:\Users\lenovo"/>
    <property name="user.language" value="en"/>
    <property name="java.specification.vendor" value="Oracle Corporation"/>
    <property name="java.version.date" value="2023-07-18"/>
    <property name="java.home" value="D:\java\jdk-17.0.8"/>
    <property name="file.separator" value="\"/>
    <property name="basedir" value="D:\DEVOPS_AND_CLOUD\Karate_Test\myproject"/>
    <property name="java.vm.compressedOopsMode" value="Zero based"/>
    <property name="line.separator" value="&#10;"/>
    <property name="java.vm.specification.vendor" value="Oracle Corporation"/>
    <property name="java.specification.name" value="Java Platform API Specification"/>
    <property name="surefire.real.class.path" value="C:\Users\lenovo\AppData\Local\Temp\surefire9069187289531033732\surefirebooter-20240220183953422_3.jar"/>
    <property name="user.script" value=""/>
    <property name="sun.management.compiler" value="HotSpot 64-Bit Tiered Compilers"/>
    <property name="java.runtime.version" value="17.0.8+9-LTS-211"/>
    <property name="user.name" value="lenovo"/>
    <property name="path.separator" value=";"/>
    <property name="os.version" value="10.0"/>
    <property name="java.runtime.name" value="Java(TM) SE Runtime Environment"/>
    <property name="file.encoding" value="UTF-8"/>
    <property name="java.vm.name" value="Java HotSpot(TM) 64-Bit Server VM"/>
    <property name="localRepository" value="D:\path\to\local\repo"/>
    <property name="java.vendor.url.bug" value="https://bugreport.java.com/bugreport/"/>
    <property name="java.io.tmpdir" value="C:\Users\lenovo\AppData\Local\Temp\"/>
    <property name="java.version" value="17.0.8"/>
    <property name="user.dir" value="D:\DEVOPS_AND_CLOUD\Karate_Test\myproject"/>
    <property name="os.arch" value="amd64"/>
    <property name="java.vm.specification.name" value="Java Virtual Machine Specification"/>
    <property name="sun.os.patch.level" value=""/>
    <property name="native.encoding" value="Cp1252"/>
    <property name="java.library.path" value="D:\java\jdk-17.0.8\bin;C:\WINDOWS\Sun\Java\bin;C:\WINDOWS\system32;C:\WINDOWS;C:\Program Files\Common Files\Oracle\Java\javapath;C:\Python311\Scripts\;C:\Python311\;C:\Python310\Scripts\;C:\Python310\;C:\Program Files (x86)\Microsoft SDKs\Azure\CLI2\wbin;C:\WINDOWS\system32;C:\WINDOWS;C:\WINDOWS\System32\Wbem;C:\WINDOWS\System32\WindowsPowerShell\v1.0\;C:\WINDOWS\System32\OpenSSH\;C:\Program Files\Microsoft SQL Server\Client SDK\ODBC\170\Tools\Binn\;C:\Program Files (x86)\Microsoft SQL Server\150\Tools\Binn\;C:\Program Files\Microsoft SQL Server\150\Tools\Binn\;C:\Program Files\Microsoft SQL Server\150\DTS\Binn\;C:\Program Files (x86)\Microsoft SQL Server\160\DTS\Binn\;C:\Program Files\Azure Data Studio\bin;C:\Program Files\PuTTY\;C:\HashiCorp\Vagrant\bin;C:\apache-maven-3.9.2\bin;C:\Program Files\Amazon\AWSCLIV2\;C:\ProgramData\chocolatey;C:\Program Files (x86)\CheckPoint\Endpoint Security\Endpoint Common\bin;C:\Program Files\dotnet\;C:\Program Files\Git\cmd;D:\java\jdk-17.0.8\bin;C:\Program Files\Java\jre-1.8\bin;C:\Program Files\nodejs\;C:\Users\lenovo\AppData\Local\Microsoft\WindowsApps;C:\Program Files\Azure Data Studio\bin;C:\Program Files\JetBrains\PyCharm Community Edition 2022.3.3\bin;;C:\Users\lenovo\AppData\Local\GitHubDesktop\bin;C:\Program Files\Oracle\VirtualBox;C:\Program Files\Java\apache-maven-3.8.6\bin\;C:\Users\lenovo\.dotnet\tools;C:\Program Files\Java\jdk1.8.0_211\jre\bin;C:\Users\lenovo\AppData\Local\Programs\Microsoft VS Code\bin;C:\Users\lenovo\AppData\Roaming\npm;C:\Users\lenovo\AppData\Roaming\npm;;."/>
    <property name="java.vm.info" value="mixed mode, sharing"/>
    <property name="java.vendor" value="Oracle Corporation"/>
    <property name="java.vm.version" value="17.0.8+9-LTS-211"/>
    <property name="sun.io.unicode.encoding" value="UnicodeLittle"/>
    <property name="java.class.version" value="61.0"/>
  </properties>
  <testcase name="testParallel" classname="conduitApp.conduitTest" time="9.703">
    <system-out><![CDATA[18:39:56.146 [main] DEBUG com.intuit.karate.Suite - [config] classpath:karate-config.js
18:39:56.160 [main] INFO  com.intuit.karate.Suite - backed up existing 'target\karate-reports' dir to: target\karate-reports_1708434596152
18:39:57.529 [pool-2-thread-1] INFO  com.intuit.karate - karate.env system property was: null 
18:39:58.000 [pool-2-thread-1] DEBUG com.intuit.karate - request:
1 > POST https://api.realworld.io/api/users/login
1 > Content-Type: application/json; charset=UTF-8
1 > Content-Length: 56
1 > Host: api.realworld.io
1 > Connection: Keep-Alive
1 > User-Agent: Apache-HttpClient/4.5.14 (Java/17.0.8)
1 > Accept-Encoding: gzip,deflate
{"user":{"email":"karate@1.com","password":"karate123"}}

18:39:59.013 [pool-2-thread-1] DEBUG com.intuit.karate - response time in milliseconds: 1009
1 < 200
1 < Date: Tue, 20 Feb 2024 13:09:58 GMT
1 < Content-Type: application/json; charset=utf-8
1 < Transfer-Encoding: chunked
1 < Connection: keep-alive
1 < Report-To: {"group":"heroku-nel","max_age":3600,"endpoints":[{"url":"https://nel.heroku.com/reports?ts=1708434597&sid=c46efe9b-d3d2-4a0c-8c76-bfafa16c5add&s=hDJslB%2Bijo%2BrP%2BXn7qUjjUz34T3Iy7BKWRtdMLqSk7I%3D"}]}
1 < Reporting-Endpoints: heroku-nel=https://nel.heroku.com/reports?ts=1708434597&sid=c46efe9b-d3d2-4a0c-8c76-bfafa16c5add&s=hDJslB%2Bijo%2BrP%2BXn7qUjjUz34T3Iy7BKWRtdMLqSk7I%3D
1 < Nel: {"report_to":"heroku-nel","max_age":3600,"success_fraction":0.005,"failure_fraction":0.05,"response_headers":["Via"]}
1 < X-Powered-By: Express
1 < Access-Control-Allow-Origin: *
1 < Etag: W/"122-tOcwKmAZhrmXu8aquOzIuRMTshA"
1 < Via: 1.1 vegur
1 < CF-Cache-Status: DYNAMIC
1 < Server: cloudflare
1 < CF-RAY: 8586fcaaad133e2c-SIN
1 < alt-svc: h3=":443"; ma=86400
{"user":{"email":"karate@1.com","username":"subash","bio":null,"image":"https://api.realworld.io/images/smiley-cyrus.jpeg","token":"eyJhbGciOiJIUzI1NiIsInR5cCI6IkpXVCJ9.eyJ1c2VyIjp7ImlkIjoxMDEzNX0sImlhdCI6MTcwODQzNDU5OCwiZXhwIjoxNzEzNjE4NTk4fQ.KwSVcVwZRrhKEToaSKtGkqrJ7qWCjKIsbpXa7SXScxI"}}

18:39:59.029 [pool-2-thread-1] DEBUG com.intuit.karate - request:
2 > POST https://api.realworld.io/api/articles
2 > Authorization: Token eyJhbGciOiJIUzI1NiIsInR5cCI6IkpXVCJ9.eyJ1c2VyIjp7ImlkIjoxMDEzNX0sImlhdCI6MTcwODQzNDU5OCwiZXhwIjoxNzEzNjE4NTk4fQ.KwSVcVwZRrhKEToaSKtGkqrJ7qWCjKIsbpXa7SXScxI
2 > Content-Type: application/json; charset=UTF-8
2 > Content-Length: 86
2 > Host: api.realworld.io
2 > Connection: Keep-Alive
2 > User-Agent: Apache-HttpClient/4.5.14 (Java/17.0.8)
2 > Accept-Encoding: gzip,deflate
{"article":{"tagList":[],"title":"RSWDeleting","description":"article","body":"test"}}

18:39:59.737 [pool-2-thread-1] DEBUG com.intuit.karate - response time in milliseconds: 707
2 < 201
2 < Date: Tue, 20 Feb 2024 13:09:58 GMT
2 < Content-Type: application/json; charset=utf-8
2 < Content-Length: 348
2 < Connection: keep-alive
2 < Report-To: {"group":"heroku-nel","max_age":3600,"endpoints":[{"url":"https://nel.heroku.com/reports?ts=1708434598&sid=c46efe9b-d3d2-4a0c-8c76-bfafa16c5add&s=mVc06lZQjBrJQMTb3eUmFo%2FWypyOPsfUtRsGjULSVvI%3D"}]}
2 < Reporting-Endpoints: heroku-nel=https://nel.heroku.com/reports?ts=1708434598&sid=c46efe9b-d3d2-4a0c-8c76-bfafa16c5add&s=mVc06lZQjBrJQMTb3eUmFo%2FWypyOPsfUtRsGjULSVvI%3D
2 < Nel: {"report_to":"heroku-nel","max_age":3600,"success_fraction":0.005,"failure_fraction":0.05,"response_headers":["Via"]}
2 < X-Powered-By: Express
2 < Access-Control-Allow-Origin: *
2 < Etag: W/"15c-qHxZx5jickAyZ/DKXLgCTQHAdus"
2 < Via: 1.1 vegur
2 < CF-Cache-Status: DYNAMIC
2 < Server: cloudflare
2 < CF-RAY: 8586fcaf9b5818be-SIN
2 < alt-svc: h3=":443"; ma=86400
{"article":{"slug":"RSWDeleting-10135","title":"RSWDeleting","description":"article","body":"test","tagList":[],"createdAt":"2024-02-20T13:09:58.752Z","updatedAt":"2024-02-20T13:09:58.752Z","favorited":false,"favoritesCount":0,"author":{"username":"subash","bio":null,"image":"https://api.realworld.io/images/smiley-cyrus.jpeg","following":false}}}

18:39:59.749 [pool-2-thread-1] DEBUG com.intuit.karate - request:
3 > GET https://api.realworld.io/api/articles/RSWDeleting-10135
3 > Host: api.realworld.io
3 > Connection: Keep-Alive
3 > User-Agent: Apache-HttpClient/4.5.14 (Java/17.0.8)
3 > Accept-Encoding: gzip,deflate


18:40:00.974 [pool-2-thread-1] DEBUG com.intuit.karate - response time in milliseconds: 1224
3 < 200
3 < Date: Tue, 20 Feb 2024 13:10:00 GMT
3 < Content-Type: application/json; charset=utf-8
3 < Transfer-Encoding: chunked
3 < Connection: keep-alive
3 < Report-To: {"group":"heroku-nel","max_age":3600,"endpoints":[{"url":"https://nel.heroku.com/reports?ts=1708434599&sid=c46efe9b-d3d2-4a0c-8c76-bfafa16c5add&s=OfoiEs4ZiYQ%2FXCO5HCzs0wvzWUdo4%2BL36WA0GI4VNYo%3D"}]}
3 < Reporting-Endpoints: heroku-nel=https://nel.heroku.com/reports?ts=1708434599&sid=c46efe9b-d3d2-4a0c-8c76-bfafa16c5add&s=OfoiEs4ZiYQ%2FXCO5HCzs0wvzWUdo4%2BL36WA0GI4VNYo%3D
3 < Nel: {"report_to":"heroku-nel","max_age":3600,"success_fraction":0.005,"failure_fraction":0.05,"response_headers":["Via"]}
3 < X-Powered-By: Express
3 < Access-Control-Allow-Origin: *
3 < Etag: W/"15c-qHxZx5jickAyZ/DKXLgCTQHAdus"
3 < Via: 1.1 vegur
3 < CF-Cache-Status: DYNAMIC
3 < Server: cloudflare
3 < CF-RAY: 8586fcb40de881b0-SIN
3 < alt-svc: h3=":443"; ma=86400
{"article":{"slug":"RSWDeleting-10135","title":"RSWDeleting","description":"article","body":"test","tagList":[],"createdAt":"2024-02-20T13:09:58.752Z","updatedAt":"2024-02-20T13:09:58.752Z","favorited":false,"favoritesCount":0,"author":{"username":"subash","bio":null,"image":"https://api.realworld.io/images/smiley-cyrus.jpeg","following":false}}}

18:40:00.990 [pool-2-thread-1] DEBUG com.intuit.karate - request:
4 > DELETE https://api.realworld.io/api/articles/RSWDeleting-10135
4 > Authorization: Token eyJhbGciOiJIUzI1NiIsInR5cCI6IkpXVCJ9.eyJ1c2VyIjp7ImlkIjoxMDEzNX0sImlhdCI6MTcwODQzNDU5OCwiZXhwIjoxNzEzNjE4NTk4fQ.KwSVcVwZRrhKEToaSKtGkqrJ7qWCjKIsbpXa7SXScxI
4 > Host: api.realworld.io
4 > Connection: Keep-Alive
4 > User-Agent: Apache-HttpClient/4.5.14 (Java/17.0.8)
4 > Accept-Encoding: gzip,deflate


18:40:01.643 [pool-2-thread-1] DEBUG com.intuit.karate - response time in milliseconds: 652
4 < 204
4 < Date: Tue, 20 Feb 2024 13:10:00 GMT
4 < Content-Length: 0
4 < Connection: keep-alive
4 < Report-To: {"group":"heroku-nel","max_age":3600,"endpoints":[{"url":"https://nel.heroku.com/reports?ts=1708434600&sid=c46efe9b-d3d2-4a0c-8c76-bfafa16c5add&s=IlkD%2B%2FwqA3RNg8ms3c9ohZ1A%2BAfe5mkkVtQ%2FwnaRPgA%3D"}]}
4 < Reporting-Endpoints: heroku-nel=https://nel.heroku.com/reports?ts=1708434600&sid=c46efe9b-d3d2-4a0c-8c76-bfafa16c5add&s=IlkD%2B%2FwqA3RNg8ms3c9ohZ1A%2BAfe5mkkVtQ%2FwnaRPgA%3D
4 < Nel: {"report_to":"heroku-nel","max_age":3600,"success_fraction":0.005,"failure_fraction":0.05,"response_headers":["Via"]}
4 < X-Powered-By: Express
4 < Access-Control-Allow-Origin: *
4 < Etag: W/"a-bAsFyilMr4Ra1hIU5PyoyFRunpI"
4 < Via: 1.1 vegur
4 < CF-Cache-Status: DYNAMIC
4 < Server: cloudflare
4 < CF-RAY: 8586fcbbda0d406d-SIN
4 < alt-svc: h3=":443"; ma=86400


18:40:01.649 [pool-2-thread-1] DEBUG com.intuit.karate - request:
5 > GET https://api.realworld.io/api/articles/RSWDeleting-10135?offset=0&limit=10
5 > Host: api.realworld.io
5 > Connection: Keep-Alive
5 > User-Agent: Apache-HttpClient/4.5.14 (Java/17.0.8)
5 > Accept-Encoding: gzip,deflate


18:40:02.338 [pool-2-thread-1] DEBUG com.intuit.karate - response time in milliseconds: 689
5 < 404
5 < Date: Tue, 20 Feb 2024 13:10:01 GMT
5 < Content-Type: application/json; charset=utf-8
5 < Content-Length: 36
5 < Connection: keep-alive
5 < Report-To: {"group":"heroku-nel","max_age":3600,"endpoints":[{"url":"https://nel.heroku.com/reports?ts=1708434601&sid=c46efe9b-d3d2-4a0c-8c76-bfafa16c5add&s=RCXZU6rniC86JCaiRFLrW6d9HS4JqxEyqCxOqIvLPDY%3D"}]}
5 < Reporting-Endpoints: heroku-nel=https://nel.heroku.com/reports?ts=1708434601&sid=c46efe9b-d3d2-4a0c-8c76-bfafa16c5add&s=RCXZU6rniC86JCaiRFLrW6d9HS4JqxEyqCxOqIvLPDY%3D
5 < Nel: {"report_to":"heroku-nel","max_age":3600,"success_fraction":0.005,"failure_fraction":0.05,"response_headers":["Via"]}
5 < X-Powered-By: Express
5 < Access-Control-Allow-Origin: *
5 < Etag: W/"24-WwkKlnN0sbKzUZbyZqRl66DQxQA"
5 < Via: 1.1 vegur
5 < CF-Cache-Status: DYNAMIC
5 < Server: cloudflare
5 < CF-RAY: 8586fcc00d3c3fb3-SIN
5 < alt-svc: h3=":443"; ma=86400
{"errors":{"article":["not found"]}}

---------------------------------------------------------
feature: classpath:conduitApp/feature/articlePOST.feature
scenarios:  1 | passed:  1 | failed:  0 | time: 4.7702
---------------------------------------------------------

18:40:03.844 [pool-3-thread-1] INFO  com.intuit.karate.Suite - <<pass>> feature 1 of 1 (0 remaining) classpath:conduitApp/feature/articlePOST.feature
Karate version: 1.4.1
======================================================
elapsed:   8.90 | threads:    5 | thread time: 4.77 
features:     1 | skipped:    0 | efficiency: 0.11
scenarios:    1 | passed:     1 | failed: 0
======================================================

HTML report: (paste into browser to view) | Karate version: 1.4.1
file:///D:/DEVOPS_AND_CLOUD/Karate_Test/myproject/target/karate-reports/karate-summary.html
===================================================================

]]></system-out>
  </testcase>
</testsuite>